`generation_config` default values have been modified to match model-specific defaults: {'cache_implementation': 'hybrid', 'top_k': 64, 'top_p': 0.95, 'pad_token_id': 0, 'bos_token_id': 2, 'eos_token_id': [1, 106]}. If this is not desired, please set these values explicitly.
/home/vzarzu/miniconda3/envs/csnlp/lib/python3.12/site-packages/sklearn/base.py:1389: ConvergenceWarning: Number of distinct clusters (2) found smaller than n_clusters (3). Possibly due to duplicate points in X.
  return fit_method(estimator, *args, **kwargs)
submitit ERROR (2025-05-22 19:33:59,766) - Submitted job triggered an exception
Traceback (most recent call last):
  File "<frozen runpy>", line 198, in _run_module_as_main
  File "<frozen runpy>", line 88, in _run_code
  File "/home/vzarzu/miniconda3/envs/csnlp/lib/python3.12/site-packages/submitit/core/_submit.py", line 11, in <module>
    submitit_main()
  File "/home/vzarzu/miniconda3/envs/csnlp/lib/python3.12/site-packages/submitit/core/submission.py", line 76, in submitit_main
    process_job(args.folder)
  File "/home/vzarzu/miniconda3/envs/csnlp/lib/python3.12/site-packages/submitit/core/submission.py", line 69, in process_job
    raise error
  File "/home/vzarzu/miniconda3/envs/csnlp/lib/python3.12/site-packages/submitit/core/submission.py", line 55, in process_job
    result = delayed.result()
             ^^^^^^^^^^^^^^^^
  File "/home/vzarzu/miniconda3/envs/csnlp/lib/python3.12/site-packages/submitit/core/utils.py", line 137, in result
    self._result = self.function(*self.args, **self.kwargs)
                   ^^^^^^^^^^^^^^^^^^^^^^^^^^^^^^^^^^^^^^^^
  File "/tmp/ipykernel_3754912/4176226614.py", line 9, in run_wrapper
  File "/home/vzarzu/miniconda3/envs/csnlp/lib/python3.12/site-packages/fire/core.py", line 135, in Fire
    component_trace = _Fire(component, args, parsed_flag_args, context, name)
                      ^^^^^^^^^^^^^^^^^^^^^^^^^^^^^^^^^^^^^^^^^^^^^^^^^^^^^^^
  File "/home/vzarzu/miniconda3/envs/csnlp/lib/python3.12/site-packages/fire/core.py", line 468, in _Fire
    component, remaining_args = _CallAndUpdateTrace(
                                ^^^^^^^^^^^^^^^^^^^^
  File "/home/vzarzu/miniconda3/envs/csnlp/lib/python3.12/site-packages/fire/core.py", line 684, in _CallAndUpdateTrace
    component = fn(*varargs, **kwargs)
                ^^^^^^^^^^^^^^^^^^^^^^
  File "/home/vzarzu/Bridging-the-Chains/core/main.py", line 72, in eval
    self.eval_method(method, eval_data, label=eval_label)
  File "/home/vzarzu/Bridging-the-Chains/core/main.py", line 79, in eval_method
    pred_chains: Chains = method.generate_answer(question)
                          ^^^^^^^^^^^^^^^^^^^^^^^^^^^^^^^^
  File "/home/vzarzu/Bridging-the-Chains/core/method.py", line 87, in generate_answer
    chains = self.post_merger(chains, chain_id_clusters) # type: ignore
             ^^^^^^^^^^^^^^^^^^^^^^^^^^^^^^^^^^^^^^^^^^^
  File "/home/vzarzu/Bridging-the-Chains/core/merger.py", line 113, in __call__
    return self.merge_fn([ self.get_closest_to_cluster_centroids(chains, cluster, cluster_index) for cluster_index, cluster in enumerate(chain_id_clusters) ]).as_chains()
           ^^^^^^^^^^^^^^^^^^^^^^^^^^^^^^^^^^^^^^^^^^^^^^^^^^^^^^^^^^^^^^^^^^^^^^^^^^^^^^^^^^^^^^^^^^^^^^^^^^^^^^^^^^^^^^^^^^^^^^^^^^^^^^^^^^^^^^^^^^^^^^^^^^^
  File "/home/vzarzu/Bridging-the-Chains/core/merger.py", line 41, in __call__
    prompt = self.prepare_summarizing_prompt(chain_list)
             ^^^^^^^^^^^^^^^^^^^^^^^^^^^^^^^^^^^^^^^^^^^
  File "/home/vzarzu/Bridging-the-Chains/core/merger.py", line 52, in prepare_summarizing_prompt
    jsonic_solutions = '\n'.join([chain.jsonic_repr for chain in chain_list])
                                  ^^^^^^^^^^^^^^^^^
AttributeError: 'NoneType' object has no attribute 'jsonic_repr'
srun: error: studgpu-node17: task 0: Exited with exit code 1
